# JRE version: Java(TM) SE Runtime Environment (22.0.2+9) (build 22.0.2+9-70)
# Java VM: Java HotSpot(TM) 64-Bit Server VM (22.0.2+9-70, mixed mode, sharing, tiered, compressed oops, compressed class ptrs, g1 gc, windows-amd64)
GC Precious Log:
 CardTable entry size: 512
 Card Set container configuration: InlinePtr #cards 5 size 8 Array Of Cards #cards 12 size 40 Howl #buckets 4 coarsen threshold 1843 Howl Bitmap #cards 512 size 80 coarsen threshold 460 Card regions per heap region 1 cards per card region 2048
 CPUs: 4 total, 4 available
 Memory: 8082M
 Large Page Support: Disabled
 NUMA Support: Disabled
 Compressed Oops: Enabled (32-bit)
 Heap Region Size: 1M
 Heap Min Capacity: 8M
 Heap Initial Capacity: 128M
 Heap Max Capacity: 2022M
 Pre-touch: Disabled
 Parallel Workers: 4
 Concurrent Workers: 1
 Concurrent Refinement Workers: 4
 Periodic GC: Disabled
Heap:
 garbage-first heap   total reserved 2070528K, committed 84992K, used 56711K [0x0000000081a00000, 0x0000000100000000)
  region size 1024K, 14 young (14336K), 3 survivors (3072K)
 Metaspace       used 89407K, committed 90368K, reserved 1179648K
  class space    used 11810K, committed 12288K, reserved 1048576K
GC Heap History (20 events):
Event: 387.085 GC heap before
{Heap before GC invocations=41 (full 2):
 garbage-first heap   total reserved 2070528K, committed 84992K, used 74238K [0x0000000081a00000, 0x0000000100000000)
  region size 1024K, 40 young (40960K), 4 survivors (4096K)
 Metaspace       used 86804K, committed 87680K, reserved 1179648K
  class space    used 11686K, committed 12096K, reserved 1048576K
}
Event: 387.090 GC heap after
{Heap after GC invocations=42 (full 2):
 garbage-first heap   total reserved 2070528K, committed 84992K, used 40694K [0x0000000081a00000, 0x0000000100000000)
  region size 1024K, 4 young (4096K), 4 survivors (4096K)
 Metaspace       used 86804K, committed 87680K, reserved 1179648K
  class space    used 11686K, committed 12096K, reserved 1048576K
}
Event: 562.247 GC heap before
{Heap before GC invocations=42 (full 2):
 garbage-first heap   total reserved 2070528K, committed 84992K, used 73462K [0x0000000081a00000, 0x0000000100000000)
  region size 1024K, 36 young (36864K), 4 survivors (4096K)
 Metaspace       used 87012K, committed 87936K, reserved 1179648K
  class space    used 11693K, committed 12096K, reserved 1048576K
}
Event: 562.263 GC heap after
{Heap after GC invocations=43 (full 2):
 garbage-first heap   total reserved 2070528K, committed 84992K, used 43061K [0x0000000081a00000, 0x0000000100000000)
  region size 1024K, 3 young (3072K), 3 survivors (3072K)
 Metaspace       used 87012K, committed 87936K, reserved 1179648K
  class space    used 11693K, committed 12096K, reserved 1048576K
}
Event: 1337.654 GC heap before
{Heap before GC invocations=43 (full 2):
 garbage-first heap   total reserved 2070528K, committed 84992K, used 74805K [0x0000000081a00000, 0x0000000100000000)
  region size 1024K, 35 young (35840K), 3 survivors (3072K)
 Metaspace       used 87179K, committed 88064K, reserved 1179648K
  class space    used 11694K, committed 12096K, reserved 1048576K
}
Event: 1337.657 GC heap after
{Heap after GC invocations=44 (full 2):
 garbage-first heap   total reserved 2070528K, committed 84992K, used 42517K [0x0000000081a00000, 0x0000000100000000)
  region size 1024K, 3 young (3072K), 3 survivors (3072K)
 Metaspace       used 87179K, committed 88064K, reserved 1179648K
  class space    used 11694K, committed 12096K, reserved 1048576K
}
Event: 1339.964 GC heap before
{Heap before GC invocations=45 (full 2):
 garbage-first heap   total reserved 2070528K, committed 84992K, used 42517K [0x0000000081a00000, 0x0000000100000000)
  region size 1024K, 4 young (4096K), 3 survivors (3072K)
 Metaspace       used 87202K, committed 88064K, reserved 1179648K
  class space    used 11694K, committed 12096K, reserved 1048576K
}
Event: 1340.031 GC heap after
{Heap after GC invocations=46 (full 3):
 garbage-first heap   total reserved 2070528K, committed 84992K, used 34725K [0x0000000081a00000, 0x0000000100000000)
  region size 1024K, 0 young (0K), 0 survivors (0K)
 Metaspace       used 87202K, committed 88064K, reserved 1179648K
  class space    used 11694K, committed 12096K, reserved 1048576K
}
Event: 1340.829 GC heap before
{Heap before GC invocations=46 (full 3):
 garbage-first heap   total reserved 2070528K, committed 84992K, used 76709K [0x0000000081a00000, 0x0000000100000000)
  region size 1024K, 41 young (41984K), 0 survivors (0K)
 Metaspace       used 87411K, committed 88320K, reserved 1179648K
  class space    used 11713K, committed 12160K, reserved 1048576K
}
Event: 1340.833 GC heap after
{Heap after GC invocations=47 (full 3):
 garbage-first heap   total reserved 2070528K, committed 84992K, used 38740K [0x0000000081a00000, 0x0000000100000000)
  region size 1024K, 4 young (4096K), 4 survivors (4096K)
 Metaspace       used 87411K, committed 88320K, reserved 1179648K
  class space    used 11713K, committed 12160K, reserved 1048576K
}
Event: 1341.896 GC heap before
{Heap before GC invocations=48 (full 3):
 garbage-first heap   total reserved 2070528K, committed 84992K, used 74580K [0x0000000081a00000, 0x0000000100000000)
  region size 1024K, 39 young (39936K), 4 survivors (4096K)
 Metaspace       used 88160K, committed 89088K, reserved 1179648K
  class space    used 11743K, committed 12160K, reserved 1048576K
}
Event: 1341.903 GC heap after
{Heap after GC invocations=49 (full 3):
 garbage-first heap   total reserved 2070528K, committed 84992K, used 41812K [0x0000000081a00000, 0x0000000100000000)
  region size 1024K, 4 young (4096K), 4 survivors (4096K)
 Metaspace       used 88160K, committed 89088K, reserved 1179648K
  class space    used 11743K, committed 12160K, reserved 1048576K
}
Event: 1368.567 GC heap before
{Heap before GC invocations=49 (full 3):
 garbage-first heap   total reserved 2070528K, committed 84992K, used 68436K [0x0000000081a00000, 0x0000000100000000)
  region size 1024K, 31 young (31744K), 4 survivors (4096K)
 Metaspace       used 88308K, committed 89280K, reserved 1179648K
  class space    used 11748K, committed 12224K, reserved 1048576K
}
Event: 1368.630 GC heap after
{Heap after GC invocations=50 (full 4):
 garbage-first heap   total reserved 2070528K, committed 84992K, used 37942K [0x0000000081a00000, 0x0000000100000000)
  region size 1024K, 0 young (0K), 0 survivors (0K)
 Metaspace       used 88308K, committed 89280K, reserved 1179648K
  class space    used 11748K, committed 12224K, reserved 1048576K
}
Event: 1369.395 GC heap before
{Heap before GC invocations=50 (full 4):
 garbage-first heap   total reserved 2070528K, committed 84992K, used 74806K [0x0000000081a00000, 0x0000000100000000)
  region size 1024K, 37 young (37888K), 0 survivors (0K)
 Metaspace       used 88450K, committed 89408K, reserved 1179648K
  class space    used 11765K, committed 12224K, reserved 1048576K
}
Event: 1369.399 GC heap after
{Heap after GC invocations=51 (full 4):
 garbage-first heap   total reserved 2070528K, committed 84992K, used 41843K [0x0000000081a00000, 0x0000000100000000)
  region size 1024K, 4 young (4096K), 4 survivors (4096K)
 Metaspace       used 88450K, committed 89408K, reserved 1179648K
  class space    used 11765K, committed 12224K, reserved 1048576K
}
Event: 1370.104 GC heap before
{Heap before GC invocations=52 (full 4):
 garbage-first heap   total reserved 2070528K, committed 84992K, used 74611K [0x0000000081a00000, 0x0000000100000000)
  region size 1024K, 36 young (36864K), 4 survivors (4096K)
 Metaspace       used 88921K, committed 89856K, reserved 1179648K
  class space    used 11788K, committed 12224K, reserved 1048576K
}
Event: 1370.110 GC heap after
{Heap after GC invocations=53 (full 4):
 garbage-first heap   total reserved 2070528K, committed 84992K, used 44018K [0x0000000081a00000, 0x0000000100000000)
  region size 1024K, 3 young (3072K), 3 survivors (3072K)
 Metaspace       used 88921K, committed 89856K, reserved 1179648K
  class space    used 11788K, committed 12224K, reserved 1048576K
}
Event: 1370.588 GC heap before
{Heap before GC invocations=53 (full 4):
 garbage-first heap   total reserved 2070528K, committed 84992K, used 74738K [0x0000000081a00000, 0x0000000100000000)
  region size 1024K, 33 young (33792K), 3 survivors (3072K)
 Metaspace       used 89215K, committed 90176K, reserved 1179648K
  class space    used 11802K, committed 12224K, reserved 1048576K
}
Event: 1370.596 GC heap after
{Heap after GC invocations=54 (full 4):
 garbage-first heap   total reserved 2070528K, committed 84992K, used 46471K [0x0000000081a00000, 0x0000000100000000)
  region size 1024K, 3 young (3072K), 3 survivors (3072K)
 Metaspace       used 89215K, committed 90176K, reserved 1179648K
  class space    used 11802K, committed 12224K, reserved 1048576K
}

